<?xml version="1.0" encoding="UTF-8"?>
<!-- Generated by org.testng.reporters.JUnitXMLReporter -->
<testsuite ignored="0" hostname="DESKTOP-0U1VA9V" failures="0" tests="4" name="Default test" time="41.967" errors="0" timestamp="2025-02-14T00:00:51 IST">
  <testcase classname="rahulshettyacademy.Tests.SubmitOrderTest" name="submitOrder" time="4.867"/>
  <testcase classname="rahulshettyacademy.Tests.SubmitOrderTest" name="submitOrder" time="4.377"/>
  <testcase classname="rahulshettyacademy.Tests.SubmitOrderTest" name="submitOrder" time="5.211"/>
  <testcase classname="rahulshettyacademy.Tests.SubmitOrderTest" name="OrderHistory" time="1.426"/>
</testsuite> <!-- Default test -->
