<?xml version="1.0" encoding="UTF-8"?>
<!-- Generated by org.testng.reporters.JUnitXMLReporter -->
<testsuite ignored="2" hostname="DESKTOP-0U1VA9V" failures="0" tests="0" time="0.002" errors="0" timestamp="2025-02-16T14:42:59 IST">
  <testcase classname="rahulshettyacademy.Tests.ErrorValidationsTest" name="LoginErrorValidation" time="0.0">
    <ignored/>
  </testcase> <!-- LoginErrorValidation -->
  <testcase classname="rahulshettyacademy.Tests.ErrorValidationsTest" name="ProductErrorValidation" time="0.0">
    <ignored/>
  </testcase> <!-- ProductErrorValidation -->
</testsuite>
