<?xml version="1.0" encoding="UTF-8"?>
<!-- Generated by org.testng.reporters.JUnitXMLReporter -->
<testsuite ignored="0" hostname="DESKTOP-0U1VA9V" failures="0" tests="4" name="Submit Order Test" time="51.238" errors="0" timestamp="2025-02-18T07:42:03 IST">
  <testcase classname="rahulshettyacademy.Tests.SubmitOrderTest" name="submitOrder" time="9.19"/>
  <testcase classname="rahulshettyacademy.Tests.SubmitOrderTest" name="submitOrder" time="5.689"/>
  <testcase classname="rahulshettyacademy.Tests.SubmitOrderTest" name="submitOrder" time="3.819"/>
  <testcase classname="rahulshettyacademy.Tests.SubmitOrderTest" name="OrderHistory" time="1.133"/>
</testsuite> <!-- Submit Order Test -->
