<?xml version="1.0" encoding="UTF-8"?>
<testng-results ignored="0" total="3" passed="3" failed="0" skipped="0">
  <reporter-output>
  </reporter-output>
  <suite started-at="2025-02-16T14:42:23 IST" name="Suite" finished-at="2025-02-16T14:42:59 IST" duration-ms="35210">
    <groups>
      <group name="Purchase">
        <method signature="SubmitOrderTest.submitOrder(java.util.HashMap)[pri:0, instance:rahulshettyacademy.Tests.SubmitOrderTest@4c51cf28]" name="submitOrder" class="rahulshettyacademy.Tests.SubmitOrderTest"/>
      </group> <!-- Purchase -->
    </groups>
    <test started-at="2025-02-16T14:42:23 IST" name="Submit Order Test" finished-at="2025-02-16T14:42:58 IST" duration-ms="34431">
      <class name="rahulshettyacademy.Tests.SubmitOrderTest">
        <test-method is-config="true" signature="launchApplication()[pri:0, instance:rahulshettyacademy.Tests.SubmitOrderTest@4c51cf28]" started-at="2025-02-16T14:42:24 IST" name="launchApplication" finished-at="2025-02-16T14:42:33 IST" duration-ms="8520" status="PASS">
          <reporter-output>
          </reporter-output>
        </test-method> <!-- launchApplication -->
        <test-method signature="submitOrder(java.util.HashMap)[pri:0, instance:rahulshettyacademy.Tests.SubmitOrderTest@4c51cf28]" started-at="2025-02-16T14:42:33 IST" name="submitOrder" data-provider="getData" finished-at="2025-02-16T14:42:37 IST" duration-ms="4916" status="PASS">
          <params>
            <param index="0">
              <value>
                <![CDATA[{password=login, product=IPHONE 13 PRO, email=login@gmail.com}]]>
              </value>
            </param>
          </params>
          <reporter-output>
          </reporter-output>
        </test-method> <!-- submitOrder -->
        <test-method is-config="true" signature="tearDown()[pri:0, instance:rahulshettyacademy.Tests.SubmitOrderTest@4c51cf28]" started-at="2025-02-16T14:42:37 IST" name="tearDown" finished-at="2025-02-16T14:42:38 IST" duration-ms="369" status="PASS">
          <reporter-output>
          </reporter-output>
        </test-method> <!-- tearDown -->
        <test-method is-config="true" signature="launchApplication()[pri:0, instance:rahulshettyacademy.Tests.SubmitOrderTest@4c51cf28]" started-at="2025-02-16T14:42:38 IST" name="launchApplication" finished-at="2025-02-16T14:42:44 IST" duration-ms="5699" status="PASS">
          <reporter-output>
          </reporter-output>
        </test-method> <!-- launchApplication -->
        <test-method signature="submitOrder(java.util.HashMap)[pri:0, instance:rahulshettyacademy.Tests.SubmitOrderTest@4c51cf28]" started-at="2025-02-16T14:42:44 IST" name="submitOrder" data-provider="getData" finished-at="2025-02-16T14:42:47 IST" duration-ms="3864" status="PASS">
          <params>
            <param index="0">
              <value>
                <![CDATA[{password=loginrahul, product=ZARA COAT 3, email=loginrahul@gmail.com}]]>
              </value>
            </param>
          </params>
          <reporter-output>
          </reporter-output>
        </test-method> <!-- submitOrder -->
        <test-method is-config="true" signature="tearDown()[pri:0, instance:rahulshettyacademy.Tests.SubmitOrderTest@4c51cf28]" started-at="2025-02-16T14:42:47 IST" name="tearDown" finished-at="2025-02-16T14:42:48 IST" duration-ms="200" status="PASS">
          <reporter-output>
          </reporter-output>
        </test-method> <!-- tearDown -->
        <test-method is-config="true" signature="launchApplication()[pri:0, instance:rahulshettyacademy.Tests.SubmitOrderTest@4c51cf28]" started-at="2025-02-16T14:42:48 IST" name="launchApplication" finished-at="2025-02-16T14:42:53 IST" duration-ms="5070" status="PASS">
          <reporter-output>
          </reporter-output>
        </test-method> <!-- launchApplication -->
        <test-method signature="submitOrder(java.util.HashMap)[pri:0, instance:rahulshettyacademy.Tests.SubmitOrderTest@4c51cf28]" started-at="2025-02-16T14:42:53 IST" name="submitOrder" data-provider="getData" finished-at="2025-02-16T14:42:57 IST" duration-ms="4786" status="PASS">
          <params>
            <param index="0">
              <value>
                <![CDATA[{password=maven, product=ADIDAS ORIGINAL, email=maven.abc@gmail.com}]]>
              </value>
            </param>
          </params>
          <reporter-output>
          </reporter-output>
        </test-method> <!-- submitOrder -->
        <test-method is-config="true" signature="tearDown()[pri:0, instance:rahulshettyacademy.Tests.SubmitOrderTest@4c51cf28]" started-at="2025-02-16T14:42:57 IST" name="tearDown" finished-at="2025-02-16T14:42:58 IST" duration-ms="414" status="PASS">
          <reporter-output>
          </reporter-output>
        </test-method> <!-- tearDown -->
      </class> <!-- rahulshettyacademy.Tests.SubmitOrderTest -->
    </test> <!-- Submit Order Test -->
    <test started-at="2025-02-16T14:42:59 IST" name="Error Validations Test" finished-at="2025-02-16T14:42:59 IST" duration-ms="2">
    </test> <!-- Error Validations Test -->
  </suite> <!-- Suite -->
</testng-results>
